<?xml version="1.0" encoding="UTF-8"?>
<coverage generated="1772677843338" clover="3.2.0">
  <project timestamp="1772677843338" name="All files">
    <metrics statements="66" coveredstatements="64" conditionals="24" coveredconditionals="24" methods="18" coveredmethods="17" elements="108" coveredelements="105" complexity="0" loc="66" ncloc="66" packages="1" files="4" classes="4"/>
    <file name="LLMInferenceService.ts" path="C:\Users\Administrator\Documents\GitHub\Exelent\mobile\src\services\LLMInferenceService.ts">
      <metrics statements="10" coveredstatements="10" conditionals="10" coveredconditionals="10" methods="3" coveredmethods="3"/>
      <line num="6" count="1" type="stmt"/>
      <line num="8" count="2" type="stmt"/>
      <line num="9" count="2" type="stmt"/>
      <line num="10" count="2" type="stmt"/>
      <line num="11" count="40" type="stmt"/>
      <line num="12" count="40" type="cond" truecount="1" falsecount="0"/>
      <line num="13" count="40" type="cond" truecount="1" falsecount="0"/>
      <line num="14" count="2" type="stmt"/>
      <line num="17" count="2" type="stmt"/>
      <line num="26" count="2" type="stmt"/>
    </file>
    <file name="PIIRedactionService.ts" path="C:\Users\Administrator\Documents\GitHub\Exelent\mobile\src\services\PIIRedactionService.ts">
      <metrics statements="13" coveredstatements="13" conditionals="2" coveredconditionals="2" methods="3" coveredmethods="3"/>
      <line num="6" count="1" type="stmt"/>
      <line num="8" count="5" type="stmt"/>
      <line num="9" count="5" type="stmt"/>
      <line num="10" count="5" type="stmt"/>
      <line num="11" count="25" type="stmt"/>
      <line num="12" count="25" type="cond" truecount="1" falsecount="0"/>
      <line num="13" count="25" type="cond" truecount="1" falsecount="0"/>
      <line num="14" count="5" type="stmt"/>
      <line num="16" count="5" type="stmt"/>
      <line num="19" count="5" type="stmt"/>
      <line num="25" count="5" type="stmt"/>
      <line num="31" count="5" type="stmt"/>
      <line num="36" count="5" type="stmt"/>
    </file>
    <file name="PermissionService.ts" path="C:\Users\Administrator\Documents\GitHub\Exelent\mobile\src\services\PermissionService.ts">
      <metrics statements="17" coveredstatements="15" conditionals="7" coveredconditionals="7" methods="6" coveredmethods="5"/>
      <line num="1" count="1" type="stmt"/>
      <line num="2" count="1" type="stmt"/>
      <line num="13" count="1" type="stmt"/>
      <line num="19" count="3" type="stmt"/>
      <line num="24" count="3" type="stmt"/>
      <line num="35" count="2" type="stmt"/>
      <line num="36" count="2" type="stmt"/>
      <line num="43" count="0" type="stmt"/>
      <line num="44" count="0" type="stmt"/>
      <line num="52" count="1" type="stmt"/>
      <line num="57" count="1" type="stmt"/>
      <line num="67" count="3" type="cond" truecount="2" falsecount="0"/>
      <line num="74" count="10" type="cond" truecount="5" falsecount="0"/>
      <line num="76" count="5" type="stmt"/>
      <line num="78" count="1" type="stmt"/>
      <line num="81" count="1" type="stmt"/>
      <line num="83" count="3" type="stmt"/>
    </file>
    <file name="SecureStorageService.ts" path="C:\Users\Administrator\Documents\GitHub\Exelent\mobile\src\services\SecureStorageService.ts">
      <metrics statements="26" coveredstatements="26" conditionals="5" coveredconditionals="5" methods="6" coveredmethods="6"/>
      <line num="1" count="1" type="stmt"/>
      <line num="5" count="1" type="stmt"/>
      <line num="19" count="1" type="stmt"/>
      <line num="24" count="1" type="stmt"/>
      <line num="30" count="10" type="stmt"/>
      <line num="31" count="10" type="stmt"/>
      <line num="32" count="10" type="stmt"/>
      <line num="33" count="9" type="stmt"/>
      <line num="35" count="1" type="stmt"/>
      <line num="36" count="1" type="stmt"/>
      <line num="45" count="5" type="stmt"/>
      <line num="46" count="5" type="stmt"/>
      <line num="47" count="4" type="cond" truecount="3" falsecount="0"/>
      <line num="48" count="2" type="stmt"/>
      <line num="50" count="1" type="stmt"/>
      <line num="51" count="1" type="stmt"/>
      <line num="60" count="4" type="stmt"/>
      <line num="61" count="4" type="stmt"/>
      <line num="62" count="3" type="stmt"/>
      <line num="64" count="1" type="stmt"/>
      <line num="65" count="1" type="stmt"/>
      <line num="73" count="5" type="stmt"/>
      <line num="74" count="5" type="cond" truecount="2" falsecount="0"/>
      <line num="81" count="1" type="stmt"/>
      <line num="85" count="2" type="stmt"/>
      <line num="86" count="1" type="stmt"/>
    </file>
  </project>
</coverage>
