<?xml version="1.0" encoding="UTF-8"?>
<coverage generated="1772677593747" clover="3.2.0">
  <project timestamp="1772677593747" name="All files">
    <metrics statements="43" coveredstatements="41" conditionals="12" coveredconditionals="12" methods="12" coveredmethods="11" elements="67" coveredelements="64" complexity="0" loc="43" ncloc="43" packages="1" files="2" classes="2"/>
    <file name="PermissionService.ts" path="C:\Users\Administrator\Documents\GitHub\Exelent\mobile\src\services\PermissionService.ts">
      <metrics statements="17" coveredstatements="15" conditionals="7" coveredconditionals="7" methods="6" coveredmethods="5"/>
      <line num="1" count="1" type="stmt"/>
      <line num="2" count="1" type="stmt"/>
      <line num="13" count="1" type="stmt"/>
      <line num="19" count="3" type="stmt"/>
      <line num="24" count="3" type="stmt"/>
      <line num="35" count="2" type="stmt"/>
      <line num="36" count="2" type="stmt"/>
      <line num="43" count="0" type="stmt"/>
      <line num="44" count="0" type="stmt"/>
      <line num="52" count="1" type="stmt"/>
      <line num="57" count="1" type="stmt"/>
      <line num="67" count="3" type="cond" truecount="2" falsecount="0"/>
      <line num="74" count="10" type="cond" truecount="5" falsecount="0"/>
      <line num="76" count="5" type="stmt"/>
      <line num="78" count="1" type="stmt"/>
      <line num="81" count="1" type="stmt"/>
      <line num="83" count="3" type="stmt"/>
    </file>
    <file name="SecureStorageService.ts" path="C:\Users\Administrator\Documents\GitHub\Exelent\mobile\src\services\SecureStorageService.ts">
      <metrics statements="26" coveredstatements="26" conditionals="5" coveredconditionals="5" methods="6" coveredmethods="6"/>
      <line num="1" count="1" type="stmt"/>
      <line num="5" count="1" type="stmt"/>
      <line num="19" count="1" type="stmt"/>
      <line num="24" count="1" type="stmt"/>
      <line num="30" count="10" type="stmt"/>
      <line num="31" count="10" type="stmt"/>
      <line num="32" count="10" type="stmt"/>
      <line num="33" count="9" type="stmt"/>
      <line num="35" count="1" type="stmt"/>
      <line num="36" count="1" type="stmt"/>
      <line num="45" count="5" type="stmt"/>
      <line num="46" count="5" type="stmt"/>
      <line num="47" count="4" type="cond" truecount="3" falsecount="0"/>
      <line num="48" count="2" type="stmt"/>
      <line num="50" count="1" type="stmt"/>
      <line num="51" count="1" type="stmt"/>
      <line num="60" count="4" type="stmt"/>
      <line num="61" count="4" type="stmt"/>
      <line num="62" count="3" type="stmt"/>
      <line num="64" count="1" type="stmt"/>
      <line num="65" count="1" type="stmt"/>
      <line num="73" count="5" type="stmt"/>
      <line num="74" count="5" type="cond" truecount="2" falsecount="0"/>
      <line num="81" count="1" type="stmt"/>
      <line num="85" count="2" type="stmt"/>
      <line num="86" count="1" type="stmt"/>
    </file>
  </project>
</coverage>
