{"C:\\Users\\Administrator\\Documents\\GitHub\\Exelent\\mobile\\src\\services\\LLMInferenceService.ts": {"path":"C:\\Users\\Administrator\\Documents\\GitHub\\Exelent\\mobile\\src\\services\\LLMInferenceService.ts","statementMap":{"0":{"start":{"line":8,"column":8},"end":{"line":29,"column":11}},"1":{"start":{"line":9,"column":27},"end":{"line":9,"column":28}},"2":{"start":{"line":10,"column":29},"end":{"line":28,"column":19}},"3":{"start":{"line":11,"column":16},"end":{"line":11,"column":30}},"4":{"start":{"line":12,"column":16},"end":{"line":12,"column":53}},"5":{"start":{"line":12,"column":32},"end":{"line":12,"column":53}},"6":{"start":{"line":13,"column":16},"end":{"line":27,"column":17}},"7":{"start":{"line":14,"column":20},"end":{"line":14,"column":44}},"8":{"start":{"line":17,"column":67},"end":{"line":25,"column":22}},"9":{"start":{"line":26,"column":20},"end":{"line":26,"column":43}},"10":{"start":{"line":6,"column":0},"end":{"line":6,"column":13}}},"fnMap":{"0":{"name":"(anonymous_0)","decl":{"start":{"line":7,"column":4},"end":{"line":7,"column":10}},"loc":{"start":{"line":7,"column":84},"end":{"line":30,"column":5}}},"1":{"name":"(anonymous_1)","decl":{"start":{"line":8,"column":27},"end":{"line":8,"column":28}},"loc":{"start":{"line":8,"column":39},"end":{"line":29,"column":9}}},"2":{"name":"(anonymous_2)","decl":{"start":{"line":10,"column":41},"end":{"line":10,"column":44}},"loc":{"start":{"line":10,"column":46},"end":{"line":28,"column":13}}}},"branchMap":{"0":{"loc":{"start":{"line":12,"column":16},"end":{"line":12,"column":53}},"type":"if","locations":[{"start":{"line":12,"column":16},"end":{"line":12,"column":53}}]},"1":{"loc":{"start":{"line":13,"column":16},"end":{"line":27,"column":17}},"type":"if","locations":[{"start":{"line":13,"column":16},"end":{"line":27,"column":17}}]},"2":{"loc":{"start":{"line":18,"column":37},"end":{"line":18,"column":82}},"type":"cond-expr","locations":[{"start":{"line":18,"column":65},"end":{"line":18,"column":75}},{"start":{"line":18,"column":78},"end":{"line":18,"column":82}}]},"3":{"loc":{"start":{"line":20,"column":35},"end":{"line":20,"column":96}},"type":"cond-expr","locations":[{"start":{"line":20,"column":71},"end":{"line":20,"column":89}},{"start":{"line":20,"column":92},"end":{"line":20,"column":96}}]},"4":{"loc":{"start":{"line":21,"column":35},"end":{"line":21,"column":96}},"type":"cond-expr","locations":[{"start":{"line":21,"column":71},"end":{"line":21,"column":89}},{"start":{"line":21,"column":92},"end":{"line":21,"column":96}}]},"5":{"loc":{"start":{"line":23,"column":40},"end":{"line":23,"column":97}},"type":"cond-expr","locations":[{"start":{"line":23,"column":74},"end":{"line":23,"column":90}},{"start":{"line":23,"column":93},"end":{"line":23,"column":97}}]}},"s":{"0":2,"1":2,"2":2,"3":40,"4":40,"5":20,"6":40,"7":2,"8":2,"9":2,"10":1},"f":{"0":2,"1":2,"2":40},"b":{"0":[20],"1":[2],"2":[1,1],"3":[1,1],"4":[1,1],"5":[1,1]}}
,"C:\\Users\\Administrator\\Documents\\GitHub\\Exelent\\mobile\\src\\services\\PIIRedactionService.ts": {"path":"C:\\Users\\Administrator\\Documents\\GitHub\\Exelent\\mobile\\src\\services\\PIIRedactionService.ts","statementMap":{"0":{"start":{"line":8,"column":8},"end":{"line":39,"column":11}},"1":{"start":{"line":9,"column":27},"end":{"line":9,"column":28}},"2":{"start":{"line":10,"column":29},"end":{"line":38,"column":19}},"3":{"start":{"line":11,"column":16},"end":{"line":11,"column":31}},"4":{"start":{"line":12,"column":16},"end":{"line":12,"column":53}},"5":{"start":{"line":12,"column":32},"end":{"line":12,"column":53}},"6":{"start":{"line":13,"column":16},"end":{"line":37,"column":17}},"7":{"start":{"line":14,"column":20},"end":{"line":14,"column":44}},"8":{"start":{"line":16,"column":39},"end":{"line":16,"column":43}},"9":{"start":{"line":19,"column":20},"end":{"line":22,"column":22}},"10":{"start":{"line":25,"column":20},"end":{"line":28,"column":22}},"11":{"start":{"line":31,"column":20},"end":{"line":34,"column":22}},"12":{"start":{"line":36,"column":20},"end":{"line":36,"column":42}},"13":{"start":{"line":6,"column":0},"end":{"line":6,"column":13}}},"fnMap":{"0":{"name":"(anonymous_0)","decl":{"start":{"line":7,"column":4},"end":{"line":7,"column":10}},"loc":{"start":{"line":7,"column":77},"end":{"line":40,"column":5}}},"1":{"name":"(anonymous_1)","decl":{"start":{"line":8,"column":27},"end":{"line":8,"column":28}},"loc":{"start":{"line":8,"column":39},"end":{"line":39,"column":9}}},"2":{"name":"(anonymous_2)","decl":{"start":{"line":10,"column":41},"end":{"line":10,"column":44}},"loc":{"start":{"line":10,"column":46},"end":{"line":38,"column":13}}}},"branchMap":{"0":{"loc":{"start":{"line":12,"column":16},"end":{"line":12,"column":53}},"type":"if","locations":[{"start":{"line":12,"column":16},"end":{"line":12,"column":53}}]},"1":{"loc":{"start":{"line":13,"column":16},"end":{"line":37,"column":17}},"type":"if","locations":[{"start":{"line":13,"column":16},"end":{"line":37,"column":17}}]}},"s":{"0":5,"1":5,"2":5,"3":25,"4":25,"5":5,"6":25,"7":5,"8":5,"9":5,"10":5,"11":5,"12":5,"13":1},"f":{"0":5,"1":5,"2":25},"b":{"0":[5],"1":[5]}}
,"C:\\Users\\Administrator\\Documents\\GitHub\\Exelent\\mobile\\src\\services\\PermissionService.ts": {"path":"C:\\Users\\Administrator\\Documents\\GitHub\\Exelent\\mobile\\src\\services\\PermissionService.ts","statementMap":{"0":{"start":{"line":1,"column":0},"end":{"line":1,"column":37}},"1":{"start":{"line":2,"column":0},"end":{"line":2,"column":51}},"2":{"start":{"line":13,"column":13},"end":{"line":69,"column":2}},"3":{"start":{"line":19,"column":44},"end":{"line":22,"column":10}},"4":{"start":{"line":24,"column":8},"end":{"line":27,"column":10}},"5":{"start":{"line":35,"column":27},"end":{"line":35,"column":71}},"6":{"start":{"line":36,"column":8},"end":{"line":36,"column":33}},"7":{"start":{"line":43,"column":27},"end":{"line":43,"column":71}},"8":{"start":{"line":44,"column":8},"end":{"line":44,"column":33}},"9":{"start":{"line":52,"column":38},"end":{"line":55,"column":10}},"10":{"start":{"line":57,"column":8},"end":{"line":60,"column":10}},"11":{"start":{"line":67,"column":8},"end":{"line":67,"column":78}},"12":{"start":{"line":74,"column":4},"end":{"line":84,"column":5}},"13":{"start":{"line":76,"column":12},"end":{"line":76,"column":29}},"14":{"start":{"line":78,"column":12},"end":{"line":78,"column":28}},"15":{"start":{"line":81,"column":12},"end":{"line":81,"column":29}},"16":{"start":{"line":83,"column":12},"end":{"line":83,"column":34}}},"fnMap":{"0":{"name":"(anonymous_9)","decl":{"start":{"line":18,"column":4},"end":{"line":18,"column":9}},"loc":{"start":{"line":18,"column":21},"end":{"line":28,"column":5}}},"1":{"name":"(anonymous_10)","decl":{"start":{"line":34,"column":4},"end":{"line":34,"column":9}},"loc":{"start":{"line":34,"column":23},"end":{"line":37,"column":5}}},"2":{"name":"(anonymous_11)","decl":{"start":{"line":42,"column":4},"end":{"line":42,"column":9}},"loc":{"start":{"line":42,"column":29},"end":{"line":45,"column":5}}},"3":{"name":"(anonymous_12)","decl":{"start":{"line":51,"column":4},"end":{"line":51,"column":9}},"loc":{"start":{"line":51,"column":20},"end":{"line":61,"column":5}}},"4":{"name":"(anonymous_13)","decl":{"start":{"line":66,"column":4},"end":{"line":66,"column":14}},"loc":{"start":{"line":66,"column":37},"end":{"line":68,"column":5}}},"5":{"name":"mapStatus","decl":{"start":{"line":73,"column":9},"end":{"line":73,"column":18}},"loc":{"start":{"line":73,"column":33},"end":{"line":85,"column":1}}}},"branchMap":{"0":{"loc":{"start":{"line":67,"column":15},"end":{"line":67,"column":77}},"type":"binary-expr","locations":[{"start":{"line":67,"column":15},"end":{"line":67,"column":41}},{"start":{"line":67,"column":45},"end":{"line":67,"column":77}}]},"1":{"loc":{"start":{"line":74,"column":4},"end":{"line":84,"column":5}},"type":"switch","locations":[{"start":{"line":75,"column":8},"end":{"line":76,"column":29}},{"start":{"line":77,"column":8},"end":{"line":78,"column":28}},{"start":{"line":79,"column":8},"end":{"line":79,"column":26}},{"start":{"line":80,"column":8},"end":{"line":81,"column":29}},{"start":{"line":82,"column":8},"end":{"line":83,"column":34}}]}},"s":{"0":1,"1":1,"2":1,"3":3,"4":3,"5":2,"6":2,"7":0,"8":0,"9":1,"10":1,"11":3,"12":10,"13":5,"14":1,"15":1,"16":3},"f":{"0":3,"1":2,"2":0,"3":1,"4":3,"5":10},"b":{"0":[3,2],"1":[5,1,1,1,3]}}
,"C:\\Users\\Administrator\\Documents\\GitHub\\Exelent\\mobile\\src\\services\\SecureStorageService.ts": {"path":"C:\\Users\\Administrator\\Documents\\GitHub\\Exelent\\mobile\\src\\services\\SecureStorageService.ts","statementMap":{"0":{"start":{"line":1,"column":0},"end":{"line":1,"column":49}},"1":{"start":{"line":5,"column":13},"end":{"line":12,"column":11}},"2":{"start":{"line":19,"column":56},"end":{"line":21,"column":2}},"3":{"start":{"line":24,"column":13},"end":{"line":88,"column":11}},"4":{"start":{"line":30,"column":8},"end":{"line":37,"column":9}},"5":{"start":{"line":31,"column":31},"end":{"line":31,"column":52}},"6":{"start":{"line":32,"column":12},"end":{"line":32,"column":77}},"7":{"start":{"line":33,"column":12},"end":{"line":33,"column":24}},"8":{"start":{"line":35,"column":12},"end":{"line":35,"column":83}},"9":{"start":{"line":36,"column":12},"end":{"line":36,"column":25}},"10":{"start":{"line":45,"column":8},"end":{"line":52,"column":9}},"11":{"start":{"line":46,"column":24},"end":{"line":46,"column":76}},"12":{"start":{"line":47,"column":12},"end":{"line":47,"column":63}},"13":{"start":{"line":47,"column":51},"end":{"line":47,"column":63}},"14":{"start":{"line":48,"column":12},"end":{"line":48,"column":40}},"15":{"start":{"line":50,"column":12},"end":{"line":50,"column":82}},"16":{"start":{"line":51,"column":12},"end":{"line":51,"column":24}},"17":{"start":{"line":60,"column":8},"end":{"line":66,"column":9}},"18":{"start":{"line":61,"column":12},"end":{"line":61,"column":68}},"19":{"start":{"line":62,"column":12},"end":{"line":62,"column":24}},"20":{"start":{"line":64,"column":12},"end":{"line":64,"column":84}},"21":{"start":{"line":65,"column":12},"end":{"line":65,"column":25}},"22":{"start":{"line":73,"column":20},"end":{"line":73,"column":72}},"23":{"start":{"line":74,"column":8},"end":{"line":74,"column":49}},"24":{"start":{"line":81,"column":42},"end":{"line":84,"column":10}},"25":{"start":{"line":85,"column":8},"end":{"line":85,"column":82}},"26":{"start":{"line":85,"column":49},"end":{"line":85,"column":79}},"27":{"start":{"line":86,"column":8},"end":{"line":86,"column":62}}},"fnMap":{"0":{"name":"(anonymous_9)","decl":{"start":{"line":29,"column":4},"end":{"line":29,"column":9}},"loc":{"start":{"line":29,"column":44},"end":{"line":38,"column":5}}},"1":{"name":"(anonymous_10)","decl":{"start":{"line":44,"column":4},"end":{"line":44,"column":9}},"loc":{"start":{"line":44,"column":33},"end":{"line":53,"column":5}}},"2":{"name":"(anonymous_11)","decl":{"start":{"line":59,"column":4},"end":{"line":59,"column":9}},"loc":{"start":{"line":59,"column":32},"end":{"line":67,"column":5}}},"3":{"name":"(anonymous_12)","decl":{"start":{"line":72,"column":4},"end":{"line":72,"column":9}},"loc":{"start":{"line":72,"column":32},"end":{"line":75,"column":5}}},"4":{"name":"(anonymous_13)","decl":{"start":{"line":80,"column":4},"end":{"line":80,"column":9}},"loc":{"start":{"line":80,"column":22},"end":{"line":87,"column":5}}},"5":{"name":"(anonymous_14)","decl":{"start":{"line":85,"column":42},"end":{"line":85,"column":43}},"loc":{"start":{"line":85,"column":49},"end":{"line":85,"column":79}}}},"branchMap":{"0":{"loc":{"start":{"line":47,"column":12},"end":{"line":47,"column":63}},"type":"if","locations":[{"start":{"line":47,"column":12},"end":{"line":47,"column":63}}]},"1":{"loc":{"start":{"line":47,"column":16},"end":{"line":47,"column":49}},"type":"binary-expr","locations":[{"start":{"line":47,"column":16},"end":{"line":47,"column":28}},{"start":{"line":47,"column":32},"end":{"line":47,"column":49}}]},"2":{"loc":{"start":{"line":74,"column":15},"end":{"line":74,"column":48}},"type":"binary-expr","locations":[{"start":{"line":74,"column":15},"end":{"line":74,"column":27}},{"start":{"line":74,"column":31},"end":{"line":74,"column":48}}]}},"s":{"0":1,"1":1,"2":1,"3":1,"4":10,"5":10,"6":10,"7":9,"8":1,"9":1,"10":5,"11":5,"12":4,"13":2,"14":2,"15":1,"16":1,"17":4,"18":4,"19":3,"20":1,"21":1,"22":5,"23":5,"24":1,"25":1,"26":2,"27":1},"f":{"0":10,"1":5,"2":4,"3":5,"4":1,"5":2},"b":{"0":[2],"1":[4,2],"2":[5,2]}}
}
