TN:
SF:src\services\PermissionService.ts
FN:18,(anonymous_9)
FN:34,(anonymous_10)
FN:42,(anonymous_11)
FN:51,(anonymous_12)
FN:66,(anonymous_13)
FN:73,mapStatus
FNF:6
FNH:5
FNDA:3,(anonymous_9)
FNDA:2,(anonymous_10)
FNDA:0,(anonymous_11)
FNDA:1,(anonymous_12)
FNDA:3,(anonymous_13)
FNDA:10,mapStatus
DA:1,1
DA:2,1
DA:13,1
DA:19,3
DA:24,3
DA:35,2
DA:36,2
DA:43,0
DA:44,0
DA:52,1
DA:57,1
DA:67,3
DA:74,10
DA:76,5
DA:78,1
DA:81,1
DA:83,3
LF:17
LH:15
BRDA:67,0,0,3
BRDA:67,0,1,2
BRDA:74,1,0,5
BRDA:74,1,1,1
BRDA:74,1,2,1
BRDA:74,1,3,1
BRDA:74,1,4,3
BRF:7
BRH:7
end_of_record
TN:
SF:src\services\SecureStorageService.ts
FN:29,(anonymous_9)
FN:44,(anonymous_10)
FN:59,(anonymous_11)
FN:72,(anonymous_12)
FN:80,(anonymous_13)
FN:85,(anonymous_14)
FNF:6
FNH:6
FNDA:10,(anonymous_9)
FNDA:5,(anonymous_10)
FNDA:4,(anonymous_11)
FNDA:5,(anonymous_12)
FNDA:1,(anonymous_13)
FNDA:2,(anonymous_14)
DA:1,1
DA:5,1
DA:19,1
DA:24,1
DA:30,10
DA:31,10
DA:32,10
DA:33,9
DA:35,1
DA:36,1
DA:45,5
DA:46,5
DA:47,4
DA:48,2
DA:50,1
DA:51,1
DA:60,4
DA:61,4
DA:62,3
DA:64,1
DA:65,1
DA:73,5
DA:74,5
DA:81,1
DA:85,2
DA:86,1
LF:26
LH:26
BRDA:47,0,0,2
BRDA:47,1,0,4
BRDA:47,1,1,2
BRDA:74,2,0,5
BRDA:74,2,1,2
BRF:5
BRH:5
end_of_record
